[0.013s] Invoking command in '/home/calafaker/Control-Formation/ws/build/articubot_one': CMAKE_PREFIX_PATH=${CMAKE_PREFIX_PATH}:/opt/ros/humble /usr/bin/cmake --build /home/calafaker/Control-Formation/ws/build/articubot_one -- -j16 -l16
[0.033s] -- Found ament_cmake: 1.3.12 (/opt/ros/humble/share/ament_cmake/cmake)
[0.133s] -- Override CMake install command with custom implementation using symlinks instead of copying resources
[0.151s] -- Found ament_lint_auto: 0.12.14 (/opt/ros/humble/share/ament_lint_auto/cmake)
[0.217s] -- Added test 'copyright' to check source files copyright and LICENSE
[0.224s] -- Added test 'cppcheck' to perform static code analysis on C / C++ code
[0.224s] -- Configured cppcheck include dirs: 
[0.224s] -- Configured cppcheck exclude dirs and/or files: 
[0.232s] -- Added test 'cpplint' to check C / C++ code against the Google style
[0.232s] -- Configured cpplint exclude dirs and/or files: 
[0.233s] -- Added test 'flake8' to check Python code syntax and style conventions
[0.236s] -- Added test 'lint_cmake' to check CMake code style
[0.237s] -- Added test 'pep257' to check Python code against some of the docstring style conventions in PEP 257
[0.244s] -- Added test 'uncrustify' to check C / C++ code style
[0.244s] -- Configured uncrustify additional arguments: 
[0.245s] -- Added test 'xmllint' to check XML markup files
[0.248s] -- Configuring done
[0.253s] -- Generating done
[0.255s] -- Build files have been written to: /home/calafaker/Control-Formation/ws/build/articubot_one
[0.270s] Invoked command in '/home/calafaker/Control-Formation/ws/build/articubot_one' returned '0': CMAKE_PREFIX_PATH=${CMAKE_PREFIX_PATH}:/opt/ros/humble /usr/bin/cmake --build /home/calafaker/Control-Formation/ws/build/articubot_one -- -j16 -l16
[0.272s] Invoking command in '/home/calafaker/Control-Formation/ws/build/articubot_one': CMAKE_PREFIX_PATH=${CMAKE_PREFIX_PATH}:/opt/ros/humble /usr/bin/cmake --install /home/calafaker/Control-Formation/ws/build/articubot_one
[0.276s] -- Install configuration: ""
[0.277s] -- Execute custom install script
[0.277s] -- Symlinking: /home/calafaker/Control-Formation/ws/install/articubot_one/share/articubot_one/config/drive_bot.rviz
[0.283s] -- Symlinking: /home/calafaker/Control-Formation/ws/install/articubot_one/share/articubot_one/config/empty.yaml
[0.290s] -- Symlinking: /home/calafaker/Control-Formation/ws/install/articubot_one/share/articubot_one/config/mapper_params_online_async.yaml
[0.296s] -- Symlinking: /home/calafaker/Control-Formation/ws/install/articubot_one/share/articubot_one/config/view_bot.rviz
[0.302s] -- Up-to-date symlink: /home/calafaker/Control-Formation/ws/install/articubot_one/share/articubot_one/description/gazebo_control.xacro
[0.302s] -- Up-to-date symlink: /home/calafaker/Control-Formation/ws/install/articubot_one/share/articubot_one/description/inertial_macros.xacro
[0.302s] -- Up-to-date symlink: /home/calafaker/Control-Formation/ws/install/articubot_one/share/articubot_one/description/lidar.xacro
[0.302s] -- Up-to-date symlink: /home/calafaker/Control-Formation/ws/install/articubot_one/share/articubot_one/description/robot.urdf.xacro
[0.302s] -- Up-to-date symlink: /home/calafaker/Control-Formation/ws/install/articubot_one/share/articubot_one/description/robot_core.xacro
[0.303s] -- Up-to-date symlink: /home/calafaker/Control-Formation/ws/install/articubot_one/share/articubot_one/launch/launch_sim.launch.py
[0.303s] -- Up-to-date symlink: /home/calafaker/Control-Formation/ws/install/articubot_one/share/articubot_one/launch/rsp.launch.py
[0.303s] -- Symlinking: /home/calafaker/Control-Formation/ws/install/articubot_one/share/articubot_one/worlds/empty.world
[0.310s] -- Symlinking: /home/calafaker/Control-Formation/ws/install/articubot_one/share/articubot_one/worlds/obstacles.world
[0.316s] -- Up-to-date symlink: /home/calafaker/Control-Formation/ws/install/articubot_one/share/ament_index/resource_index/package_run_dependencies/articubot_one
[0.317s] -- Up-to-date symlink: /home/calafaker/Control-Formation/ws/install/articubot_one/share/ament_index/resource_index/parent_prefix_path/articubot_one
[0.317s] -- Up-to-date symlink: /home/calafaker/Control-Formation/ws/install/articubot_one/share/articubot_one/environment/ament_prefix_path.sh
[0.317s] -- Up-to-date symlink: /home/calafaker/Control-Formation/ws/install/articubot_one/share/articubot_one/environment/ament_prefix_path.dsv
[0.317s] -- Up-to-date symlink: /home/calafaker/Control-Formation/ws/install/articubot_one/share/articubot_one/environment/path.sh
[0.317s] -- Up-to-date symlink: /home/calafaker/Control-Formation/ws/install/articubot_one/share/articubot_one/environment/path.dsv
[0.318s] -- Up-to-date symlink: /home/calafaker/Control-Formation/ws/install/articubot_one/share/articubot_one/local_setup.bash
[0.318s] -- Up-to-date symlink: /home/calafaker/Control-Formation/ws/install/articubot_one/share/articubot_one/local_setup.sh
[0.318s] -- Up-to-date symlink: /home/calafaker/Control-Formation/ws/install/articubot_one/share/articubot_one/local_setup.zsh
[0.318s] -- Up-to-date symlink: /home/calafaker/Control-Formation/ws/install/articubot_one/share/articubot_one/local_setup.dsv
[0.318s] -- Symlinking: /home/calafaker/Control-Formation/ws/install/articubot_one/share/articubot_one/package.dsv
[0.324s] -- Up-to-date symlink: /home/calafaker/Control-Formation/ws/install/articubot_one/share/ament_index/resource_index/packages/articubot_one
[0.324s] -- Up-to-date symlink: /home/calafaker/Control-Formation/ws/install/articubot_one/share/articubot_one/cmake/articubot_oneConfig.cmake
[0.324s] -- Up-to-date symlink: /home/calafaker/Control-Formation/ws/install/articubot_one/share/articubot_one/cmake/articubot_oneConfig-version.cmake
[0.324s] -- Up-to-date symlink: /home/calafaker/Control-Formation/ws/install/articubot_one/share/articubot_one/package.xml
[0.326s] Invoked command in '/home/calafaker/Control-Formation/ws/build/articubot_one' returned '0': CMAKE_PREFIX_PATH=${CMAKE_PREFIX_PATH}:/opt/ros/humble /usr/bin/cmake --install /home/calafaker/Control-Formation/ws/build/articubot_one
