-- The C compiler identification is GNU 11.4.0
-- The CXX compiler identification is GNU 11.4.0
-- Detecting C compiler ABI info
-- Detecting C compiler ABI info - done
-- Check for working C compiler: /usr/bin/cc - skipped
-- Detecting C compile features
-- Detecting C compile features - done
-- Detecting CXX compiler ABI info
-- Detecting CXX compiler ABI info - done
-- Check for working CXX compiler: /usr/bin/c++ - skipped
-- Detecting CXX compile features
-- Detecting CXX compile features - done
-- Found ament_cmake: 1.3.12 (/opt/ros/humble/share/ament_cmake/cmake)
-- Found Python3: /usr/bin/python3 (found version "3.10.12") found components: Interpreter 
-- Override CMake install command with custom implementation using symlinks instead of copying resources
-- Configuring done
-- Generating done
-- Build files have been written to: /home/calafaker/Control-Formation/ws/build/main_simulation
-- Install configuration: ""
-- Execute custom install script
-- Symlinking: /home/calafaker/Control-Formation/ws/install/main_simulation/share/main_simulation/launch/spawn_one.launch.py
-- Symlinking: /home/calafaker/Control-Formation/ws/install/main_simulation/share/ament_index/resource_index/package_run_dependencies/main_simulation
-- Symlinking: /home/calafaker/Control-Formation/ws/install/main_simulation/share/ament_index/resource_index/parent_prefix_path/main_simulation
-- Symlinking: /home/calafaker/Control-Formation/ws/install/main_simulation/share/main_simulation/environment/ament_prefix_path.sh
-- Symlinking: /home/calafaker/Control-Formation/ws/install/main_simulation/share/main_simulation/environment/ament_prefix_path.dsv
-- Symlinking: /home/calafaker/Control-Formation/ws/install/main_simulation/share/main_simulation/environment/path.sh
-- Symlinking: /home/calafaker/Control-Formation/ws/install/main_simulation/share/main_simulation/environment/path.dsv
-- Symlinking: /home/calafaker/Control-Formation/ws/install/main_simulation/share/main_simulation/local_setup.bash
-- Symlinking: /home/calafaker/Control-Formation/ws/install/main_simulation/share/main_simulation/local_setup.sh
-- Symlinking: /home/calafaker/Control-Formation/ws/install/main_simulation/share/main_simulation/local_setup.zsh
-- Symlinking: /home/calafaker/Control-Formation/ws/install/main_simulation/share/main_simulation/local_setup.dsv
-- Symlinking: /home/calafaker/Control-Formation/ws/install/main_simulation/share/main_simulation/package.dsv
-- Symlinking: /home/calafaker/Control-Formation/ws/install/main_simulation/share/ament_index/resource_index/packages/main_simulation
-- Symlinking: /home/calafaker/Control-Formation/ws/install/main_simulation/share/main_simulation/cmake/main_simulationConfig.cmake
-- Symlinking: /home/calafaker/Control-Formation/ws/install/main_simulation/share/main_simulation/cmake/main_simulationConfig-version.cmake
-- Symlinking: /home/calafaker/Control-Formation/ws/install/main_simulation/share/main_simulation/package.xml
