[0.013s] Invoking command in '/home/calafaker/Control-Formation/ws/build/main_simulation': CMAKE_PREFIX_PATH=${CMAKE_PREFIX_PATH}:/opt/ros/humble /usr/bin/cmake /home/calafaker/Control-Formation/ws/src/main_simulation -DAMENT_CMAKE_SYMLINK_INSTALL=1 -DCMAKE_INSTALL_PREFIX=/home/calafaker/Control-Formation/ws/install/main_simulation
[0.089s] -- The C compiler identification is GNU 11.4.0
[0.399s] -- The CXX compiler identification is GNU 11.4.0
[0.619s] -- Detecting C compiler ABI info
[0.713s] -- Detecting C compiler ABI info - done
[0.718s] -- Check for working C compiler: /usr/bin/cc - skipped
[0.718s] -- Detecting C compile features
[0.718s] -- Detecting C compile features - done
[0.720s] -- Detecting CXX compiler ABI info
[0.818s] -- Detecting CXX compiler ABI info - done
[0.822s] -- Check for working CXX compiler: /usr/bin/c++ - skipped
[0.823s] -- Detecting CXX compile features
[0.823s] -- Detecting CXX compile features - done
[0.824s] -- Found ament_cmake: 1.3.12 (/opt/ros/humble/share/ament_cmake/cmake)
[0.918s] -- Found Python3: /usr/bin/python3 (found version "3.10.12") found components: Interpreter 
[0.969s] -- Override CMake install command with custom implementation using symlinks instead of copying resources
[1.023s] -- Configuring done
[1.026s] -- Generating done
[1.027s] -- Build files have been written to: /home/calafaker/Control-Formation/ws/build/main_simulation
[1.032s] Invoked command in '/home/calafaker/Control-Formation/ws/build/main_simulation' returned '0': CMAKE_PREFIX_PATH=${CMAKE_PREFIX_PATH}:/opt/ros/humble /usr/bin/cmake /home/calafaker/Control-Formation/ws/src/main_simulation -DAMENT_CMAKE_SYMLINK_INSTALL=1 -DCMAKE_INSTALL_PREFIX=/home/calafaker/Control-Formation/ws/install/main_simulation
[1.033s] Invoking command in '/home/calafaker/Control-Formation/ws/build/main_simulation': CMAKE_PREFIX_PATH=${CMAKE_PREFIX_PATH}:/opt/ros/humble /usr/bin/cmake --build /home/calafaker/Control-Formation/ws/build/main_simulation -- -j16 -l16
[1.064s] Invoked command in '/home/calafaker/Control-Formation/ws/build/main_simulation' returned '0': CMAKE_PREFIX_PATH=${CMAKE_PREFIX_PATH}:/opt/ros/humble /usr/bin/cmake --build /home/calafaker/Control-Formation/ws/build/main_simulation -- -j16 -l16
[1.064s] Invoking command in '/home/calafaker/Control-Formation/ws/build/main_simulation': CMAKE_PREFIX_PATH=${CMAKE_PREFIX_PATH}:/opt/ros/humble /usr/bin/cmake --install /home/calafaker/Control-Formation/ws/build/main_simulation
[1.069s] -- Install configuration: ""
[1.069s] -- Execute custom install script
[1.070s] -- Symlinking: /home/calafaker/Control-Formation/ws/install/main_simulation/share/main_simulation/launch/spawn_one.launch.py
[1.076s] -- Symlinking: /home/calafaker/Control-Formation/ws/install/main_simulation/share/ament_index/resource_index/package_run_dependencies/main_simulation
[1.082s] -- Symlinking: /home/calafaker/Control-Formation/ws/install/main_simulation/share/ament_index/resource_index/parent_prefix_path/main_simulation
[1.088s] -- Symlinking: /home/calafaker/Control-Formation/ws/install/main_simulation/share/main_simulation/environment/ament_prefix_path.sh
[1.093s] -- Symlinking: /home/calafaker/Control-Formation/ws/install/main_simulation/share/main_simulation/environment/ament_prefix_path.dsv
[1.098s] -- Symlinking: /home/calafaker/Control-Formation/ws/install/main_simulation/share/main_simulation/environment/path.sh
[1.104s] -- Symlinking: /home/calafaker/Control-Formation/ws/install/main_simulation/share/main_simulation/environment/path.dsv
[1.111s] -- Symlinking: /home/calafaker/Control-Formation/ws/install/main_simulation/share/main_simulation/local_setup.bash
[1.117s] -- Symlinking: /home/calafaker/Control-Formation/ws/install/main_simulation/share/main_simulation/local_setup.sh
[1.123s] -- Symlinking: /home/calafaker/Control-Formation/ws/install/main_simulation/share/main_simulation/local_setup.zsh
[1.128s] -- Symlinking: /home/calafaker/Control-Formation/ws/install/main_simulation/share/main_simulation/local_setup.dsv
[1.133s] -- Symlinking: /home/calafaker/Control-Formation/ws/install/main_simulation/share/main_simulation/package.dsv
[1.139s] -- Symlinking: /home/calafaker/Control-Formation/ws/install/main_simulation/share/ament_index/resource_index/packages/main_simulation
[1.144s] -- Symlinking: /home/calafaker/Control-Formation/ws/install/main_simulation/share/main_simulation/cmake/main_simulationConfig.cmake
[1.149s] -- Symlinking: /home/calafaker/Control-Formation/ws/install/main_simulation/share/main_simulation/cmake/main_simulationConfig-version.cmake
[1.155s] -- Symlinking: /home/calafaker/Control-Formation/ws/install/main_simulation/share/main_simulation/package.xml
[1.162s] Invoked command in '/home/calafaker/Control-Formation/ws/build/main_simulation' returned '0': CMAKE_PREFIX_PATH=${CMAKE_PREFIX_PATH}:/opt/ros/humble /usr/bin/cmake --install /home/calafaker/Control-Formation/ws/build/main_simulation
